{"/Users/luciano/Projetos/react-starter/src/components/Common/Wrapper/index.jsx": {"path":"/Users/luciano/Projetos/react-starter/src/components/Common/Wrapper/index.jsx","statementMap":{"0":{"start":{"line":10,"column":26},"end":{"line":10,"column":48}}},"fnMap":{"0":{"name":"(anonymous_0)","decl":{"start":{"line":10,"column":17},"end":{"line":10,"column":18}},"loc":{"start":{"line":10,"column":26},"end":{"line":10,"column":48}},"line":10}},"branchMap":{},"s":{"0":1},"f":{"0":1},"b":{},"_coverageSchema":"43e27e138ebf9cfc5966b082cf9a028302ed4184","hash":"2f09163663d7b1629a88fdcf43101ff562d14b35"}
,"/Users/luciano/Projetos/react-starter/src/containers/PokemonsList/index.jsx": {"path":"/Users/luciano/Projetos/react-starter/src/containers/PokemonsList/index.jsx","statementMap":{"0":{"start":{"line":10,"column":22},"end":{"line":10,"column":26}},"1":{"start":{"line":11,"column":4},"end":{"line":11,"column":25}},"2":{"start":{"line":15,"column":22},"end":{"line":15,"column":26}},"3":{"start":{"line":17,"column":4},"end":{"line":25,"column":6}},"4":{"start":{"line":20,"column":10},"end":{"line":22,"column":16}},"5":{"start":{"line":29,"column":24},"end":{"line":31,"column":2}},"6":{"start":{"line":29,"column":34},"end":{"line":31,"column":1}},"7":{"start":{"line":33,"column":34},"end":{"line":35,"column":2}},"8":{"start":{"line":33,"column":47},"end":{"line":35,"column":1}},"9":{"start":{"line":34,"column":22},"end":{"line":34,"column":46}}},"fnMap":{"0":{"name":"(anonymous_0)","decl":{"start":{"line":9,"column":2},"end":{"line":9,"column":3}},"loc":{"start":{"line":9,"column":22},"end":{"line":12,"column":3}},"line":9},"1":{"name":"(anonymous_1)","decl":{"start":{"line":14,"column":2},"end":{"line":14,"column":3}},"loc":{"start":{"line":14,"column":11},"end":{"line":26,"column":3}},"line":14},"2":{"name":"(anonymous_2)","decl":{"start":{"line":19,"column":28},"end":{"line":19,"column":29}},"loc":{"start":{"line":20,"column":10},"end":{"line":22,"column":16}},"line":20},"3":{"name":"(anonymous_3)","decl":{"start":{"line":29,"column":24},"end":{"line":29,"column":25}},"loc":{"start":{"line":29,"column":34},"end":{"line":31,"column":1}},"line":29},"4":{"name":"(anonymous_4)","decl":{"start":{"line":33,"column":34},"end":{"line":33,"column":35}},"loc":{"start":{"line":33,"column":47},"end":{"line":35,"column":1}},"line":33},"5":{"name":"(anonymous_5)","decl":{"start":{"line":34,"column":16},"end":{"line":34,"column":17}},"loc":{"start":{"line":34,"column":22},"end":{"line":34,"column":46}},"line":34}},"branchMap":{},"s":{"0":0,"1":0,"2":0,"3":0,"4":0,"5":1,"6":1,"7":1,"8":1,"9":0},"f":{"0":0,"1":0,"2":0,"3":1,"4":1,"5":0},"b":{},"_coverageSchema":"43e27e138ebf9cfc5966b082cf9a028302ed4184","hash":"5b2f59f16039acace75c83d0c79b72ecc4b0e1e9"}
,"/Users/luciano/Projetos/react-starter/src/pages/Home/index.jsx": {"path":"/Users/luciano/Projetos/react-starter/src/pages/Home/index.jsx","statementMap":{"0":{"start":{"line":5,"column":13},"end":{"line":5,"column":35}},"1":{"start":{"line":5,"column":19},"end":{"line":5,"column":35}}},"fnMap":{"0":{"name":"(anonymous_0)","decl":{"start":{"line":5,"column":13},"end":{"line":5,"column":14}},"loc":{"start":{"line":5,"column":19},"end":{"line":5,"column":35}},"line":5}},"branchMap":{},"s":{"0":0,"1":0},"f":{"0":0},"b":{},"hash":"2a974b881ba36e4f2b8f3085fe8827d8474b2200"}
,"/Users/luciano/Projetos/react-starter/src/pages/NotFound/index.jsx": {"path":"/Users/luciano/Projetos/react-starter/src/pages/NotFound/index.jsx","statementMap":{"0":{"start":{"line":3,"column":21},"end":{"line":3,"column":41}}},"fnMap":{"0":{"name":"(anonymous_0)","decl":{"start":{"line":3,"column":15},"end":{"line":3,"column":16}},"loc":{"start":{"line":3,"column":21},"end":{"line":3,"column":41}},"line":3}},"branchMap":{},"s":{"0":1},"f":{"0":1},"b":{},"_coverageSchema":"43e27e138ebf9cfc5966b082cf9a028302ed4184","hash":"558d9d54accc4b5ea0ede166c830dd0e5023cbf9"}
,"/Users/luciano/Projetos/react-starter/src/pages/PokemonDetails/index.jsx": {"path":"/Users/luciano/Projetos/react-starter/src/pages/PokemonDetails/index.jsx","statementMap":{"0":{"start":{"line":13,"column":22},"end":{"line":13,"column":26}},"1":{"start":{"line":14,"column":4},"end":{"line":14,"column":54}},"2":{"start":{"line":18,"column":22},"end":{"line":18,"column":26}},"3":{"start":{"line":20,"column":4},"end":{"line":22,"column":5}},"4":{"start":{"line":21,"column":6},"end":{"line":21,"column":56}},"5":{"start":{"line":26,"column":22},"end":{"line":26,"column":26}},"6":{"start":{"line":27,"column":4},"end":{"line":27,"column":32}},"7":{"start":{"line":31,"column":22},"end":{"line":31,"column":26}},"8":{"start":{"line":33,"column":4},"end":{"line":35,"column":5}},"9":{"start":{"line":34,"column":6},"end":{"line":34,"column":35}},"10":{"start":{"line":37,"column":4},"end":{"line":56,"column":6}},"11":{"start":{"line":45,"column":16},"end":{"line":47,"column":22}},"12":{"start":{"line":60,"column":0},"end":{"line":67,"column":2}},"13":{"start":{"line":69,"column":24},"end":{"line":72,"column":2}},"14":{"start":{"line":69,"column":34},"end":{"line":72,"column":1}},"15":{"start":{"line":74,"column":34},"end":{"line":77,"column":2}},"16":{"start":{"line":74,"column":47},"end":{"line":77,"column":1}},"17":{"start":{"line":75,"column":30},"end":{"line":75,"column":64}},"18":{"start":{"line":76,"column":29},"end":{"line":76,"column":60}}},"fnMap":{"0":{"name":"(anonymous_0)","decl":{"start":{"line":12,"column":2},"end":{"line":12,"column":3}},"loc":{"start":{"line":12,"column":22},"end":{"line":15,"column":3}},"line":12},"1":{"name":"(anonymous_1)","decl":{"start":{"line":17,"column":2},"end":{"line":17,"column":3}},"loc":{"start":{"line":17,"column":32},"end":{"line":23,"column":3}},"line":17},"2":{"name":"(anonymous_2)","decl":{"start":{"line":25,"column":2},"end":{"line":25,"column":3}},"loc":{"start":{"line":25,"column":25},"end":{"line":28,"column":3}},"line":25},"3":{"name":"(anonymous_3)","decl":{"start":{"line":30,"column":2},"end":{"line":30,"column":3}},"loc":{"start":{"line":30,"column":11},"end":{"line":57,"column":3}},"line":30},"4":{"name":"(anonymous_4)","decl":{"start":{"line":44,"column":66},"end":{"line":44,"column":67}},"loc":{"start":{"line":45,"column":16},"end":{"line":47,"column":22}},"line":45},"5":{"name":"(anonymous_5)","decl":{"start":{"line":69,"column":24},"end":{"line":69,"column":25}},"loc":{"start":{"line":69,"column":34},"end":{"line":72,"column":1}},"line":69},"6":{"name":"(anonymous_6)","decl":{"start":{"line":74,"column":34},"end":{"line":74,"column":35}},"loc":{"start":{"line":74,"column":47},"end":{"line":77,"column":1}},"line":74},"7":{"name":"(anonymous_7)","decl":{"start":{"line":75,"column":22},"end":{"line":75,"column":23}},"loc":{"start":{"line":75,"column":30},"end":{"line":75,"column":64}},"line":75},"8":{"name":"(anonymous_8)","decl":{"start":{"line":76,"column":23},"end":{"line":76,"column":24}},"loc":{"start":{"line":76,"column":29},"end":{"line":76,"column":60}},"line":76}},"branchMap":{"0":{"loc":{"start":{"line":20,"column":4},"end":{"line":22,"column":5}},"type":"if","locations":[{"start":{"line":20,"column":4},"end":{"line":22,"column":5}},{"start":{"line":20,"column":4},"end":{"line":22,"column":5}}],"line":20},"1":{"loc":{"start":{"line":33,"column":4},"end":{"line":35,"column":5}},"type":"if","locations":[{"start":{"line":33,"column":4},"end":{"line":35,"column":5}},{"start":{"line":33,"column":4},"end":{"line":35,"column":5}}],"line":33},"2":{"loc":{"start":{"line":39,"column":9},"end":{"line":54,"column":9}},"type":"binary-expr","locations":[{"start":{"line":39,"column":9},"end":{"line":39,"column":29}},{"start":{"line":40,"column":10},"end":{"line":53,"column":16}}],"line":39},"3":{"loc":{"start":{"line":43,"column":13},"end":{"line":48,"column":16}},"type":"binary-expr","locations":[{"start":{"line":43,"column":13},"end":{"line":43,"column":41}},{"start":{"line":44,"column":17},"end":{"line":48,"column":16}}],"line":43}},"s":{"0":0,"1":0,"2":0,"3":0,"4":0,"5":0,"6":0,"7":0,"8":0,"9":0,"10":0,"11":0,"12":0,"13":0,"14":0,"15":0,"16":0,"17":0,"18":0},"f":{"0":0,"1":0,"2":0,"3":0,"4":0,"5":0,"6":0,"7":0,"8":0},"b":{"0":[0,0],"1":[0,0],"2":[0,0],"3":[0,0]},"hash":"d32d268ecbc1a5b2ca69ef1831155f77cef84e18"}
,"/Users/luciano/Projetos/react-starter/src/redux-flow/ducks/pokemonDetails.js": {"path":"/Users/luciano/Projetos/react-starter/src/redux-flow/ducks/pokemonDetails.js","statementMap":{"0":{"start":{"line":7,"column":21},"end":{"line":12,"column":1}},"1":{"start":{"line":16,"column":18},"end":{"line":20,"column":2}},"2":{"start":{"line":16,"column":27},"end":{"line":20,"column":1}},"3":{"start":{"line":24,"column":28},"end":{"line":28,"column":1}},"4":{"start":{"line":31,"column":2},"end":{"line":60,"column":3}},"5":{"start":{"line":33,"column":6},"end":{"line":36,"column":8}},"6":{"start":{"line":39,"column":6},"end":{"line":43,"column":8}},"7":{"start":{"line":46,"column":6},"end":{"line":50,"column":8}},"8":{"start":{"line":53,"column":6},"end":{"line":56,"column":8}},"9":{"start":{"line":59,"column":6},"end":{"line":59,"column":19}},"10":{"start":{"line":66,"column":2},"end":{"line":69,"column":4}},"11":{"start":{"line":73,"column":2},"end":{"line":73,"column":47}},"12":{"start":{"line":77,"column":2},"end":{"line":77,"column":43}},"13":{"start":{"line":81,"column":2},"end":{"line":81,"column":31}},"14":{"start":{"line":86,"column":25},"end":{"line":104,"column":2}},"15":{"start":{"line":91,"column":4},"end":{"line":101,"column":5}},"16":{"start":{"line":92,"column":23},"end":{"line":92,"column":58}},"17":{"start":{"line":94,"column":23},"end":{"line":96,"column":8}},"18":{"start":{"line":98,"column":6},"end":{"line":98,"column":43}},"19":{"start":{"line":100,"column":6},"end":{"line":100,"column":29}},"20":{"start":{"line":102,"column":4},"end":{"line":102,"column":11}}},"fnMap":{"0":{"name":"(anonymous_0)","decl":{"start":{"line":16,"column":18},"end":{"line":16,"column":19}},"loc":{"start":{"line":16,"column":27},"end":{"line":20,"column":1}},"line":16},"1":{"name":"reducer","decl":{"start":{"line":30,"column":24},"end":{"line":30,"column":31}},"loc":{"start":{"line":30,"column":62},"end":{"line":61,"column":1}},"line":30},"2":{"name":"load","decl":{"start":{"line":65,"column":16},"end":{"line":65,"column":20}},"loc":{"start":{"line":65,"column":27},"end":{"line":70,"column":1}},"line":65},"3":{"name":"loadSuccess","decl":{"start":{"line":72,"column":16},"end":{"line":72,"column":27}},"loc":{"start":{"line":72,"column":37},"end":{"line":74,"column":1}},"line":72},"4":{"name":"loadError","decl":{"start":{"line":76,"column":16},"end":{"line":76,"column":25}},"loc":{"start":{"line":76,"column":33},"end":{"line":78,"column":1}},"line":76},"5":{"name":"clear","decl":{"start":{"line":80,"column":16},"end":{"line":80,"column":21}},"loc":{"start":{"line":80,"column":24},"end":{"line":82,"column":1}},"line":80},"6":{"name":"(anonymous_6)","decl":{"start":{"line":90,"column":2},"end":{"line":90,"column":3}},"loc":{"start":{"line":90,"column":53},"end":{"line":103,"column":3}},"line":90}},"branchMap":{"0":{"loc":{"start":{"line":30,"column":32},"end":{"line":30,"column":52}},"type":"default-arg","locations":[{"start":{"line":30,"column":40},"end":{"line":30,"column":52}}],"line":30},"1":{"loc":{"start":{"line":31,"column":2},"end":{"line":60,"column":3}},"type":"switch","locations":[{"start":{"line":32,"column":4},"end":{"line":36,"column":8}},{"start":{"line":38,"column":4},"end":{"line":43,"column":8}},{"start":{"line":45,"column":4},"end":{"line":50,"column":8}},{"start":{"line":52,"column":4},"end":{"line":56,"column":8}},{"start":{"line":58,"column":4},"end":{"line":59,"column":19}}],"line":31}},"s":{"0":1,"1":1,"2":1,"3":1,"4":7,"5":1,"6":1,"7":2,"8":1,"9":2,"10":2,"11":2,"12":3,"13":2,"14":1,"15":1,"16":1,"17":1,"18":1,"19":1,"20":1},"f":{"0":1,"1":7,"2":2,"3":2,"4":3,"5":2,"6":1},"b":{"0":[1],"1":[1,1,2,1,2]},"_coverageSchema":"43e27e138ebf9cfc5966b082cf9a028302ed4184","hash":"3cb8a4ceb9cbeab191c677c0a9c48858bc961063"}
,"/Users/luciano/Projetos/react-starter/src/redux-flow/ducks/pokemons.js": {"path":"/Users/luciano/Projetos/react-starter/src/redux-flow/ducks/pokemons.js","statementMap":{"0":{"start":{"line":7,"column":21},"end":{"line":11,"column":1}},"1":{"start":{"line":15,"column":18},"end":{"line":18,"column":2}},"2":{"start":{"line":15,"column":27},"end":{"line":18,"column":1}},"3":{"start":{"line":22,"column":28},"end":{"line":26,"column":1}},"4":{"start":{"line":29,"column":2},"end":{"line":52,"column":3}},"5":{"start":{"line":31,"column":6},"end":{"line":34,"column":8}},"6":{"start":{"line":37,"column":6},"end":{"line":41,"column":8}},"7":{"start":{"line":40,"column":49},"end":{"line":40,"column":64}},"8":{"start":{"line":44,"column":6},"end":{"line":48,"column":8}},"9":{"start":{"line":51,"column":6},"end":{"line":51,"column":19}},"10":{"start":{"line":58,"column":2},"end":{"line":60,"column":4}},"11":{"start":{"line":64,"column":2},"end":{"line":64,"column":47}},"12":{"start":{"line":68,"column":2},"end":{"line":68,"column":43}},"13":{"start":{"line":73,"column":25},"end":{"line":91,"column":2}},"14":{"start":{"line":78,"column":4},"end":{"line":88,"column":5}},"15":{"start":{"line":79,"column":23},"end":{"line":79,"column":43}},"16":{"start":{"line":81,"column":23},"end":{"line":83,"column":8}},"17":{"start":{"line":85,"column":6},"end":{"line":85,"column":43}},"18":{"start":{"line":87,"column":6},"end":{"line":87,"column":29}},"19":{"start":{"line":89,"column":4},"end":{"line":89,"column":11}}},"fnMap":{"0":{"name":"(anonymous_0)","decl":{"start":{"line":15,"column":18},"end":{"line":15,"column":19}},"loc":{"start":{"line":15,"column":27},"end":{"line":18,"column":1}},"line":15},"1":{"name":"reducer","decl":{"start":{"line":28,"column":24},"end":{"line":28,"column":31}},"loc":{"start":{"line":28,"column":62},"end":{"line":53,"column":1}},"line":28},"2":{"name":"(anonymous_2)","decl":{"start":{"line":40,"column":41},"end":{"line":40,"column":42}},"loc":{"start":{"line":40,"column":49},"end":{"line":40,"column":64}},"line":40},"3":{"name":"load","decl":{"start":{"line":57,"column":16},"end":{"line":57,"column":20}},"loc":{"start":{"line":57,"column":23},"end":{"line":61,"column":1}},"line":57},"4":{"name":"loadSuccess","decl":{"start":{"line":63,"column":16},"end":{"line":63,"column":27}},"loc":{"start":{"line":63,"column":37},"end":{"line":65,"column":1}},"line":63},"5":{"name":"loadError","decl":{"start":{"line":67,"column":16},"end":{"line":67,"column":25}},"loc":{"start":{"line":67,"column":33},"end":{"line":69,"column":1}},"line":67},"6":{"name":"(anonymous_6)","decl":{"start":{"line":77,"column":2},"end":{"line":77,"column":3}},"loc":{"start":{"line":77,"column":45},"end":{"line":90,"column":3}},"line":77}},"branchMap":{"0":{"loc":{"start":{"line":28,"column":32},"end":{"line":28,"column":52}},"type":"default-arg","locations":[{"start":{"line":28,"column":40},"end":{"line":28,"column":52}}],"line":28},"1":{"loc":{"start":{"line":29,"column":2},"end":{"line":52,"column":3}},"type":"switch","locations":[{"start":{"line":30,"column":4},"end":{"line":34,"column":8}},{"start":{"line":36,"column":4},"end":{"line":41,"column":8}},{"start":{"line":43,"column":4},"end":{"line":48,"column":8}},{"start":{"line":50,"column":4},"end":{"line":51,"column":19}}],"line":29}},"s":{"0":2,"1":2,"2":2,"3":2,"4":7,"5":1,"6":2,"7":2,"8":2,"9":2,"10":2,"11":3,"12":3,"13":2,"14":1,"15":1,"16":1,"17":1,"18":1,"19":1},"f":{"0":2,"1":7,"2":2,"3":2,"4":3,"5":3,"6":1},"b":{"0":[1],"1":[1,2,2,2]},"_coverageSchema":"43e27e138ebf9cfc5966b082cf9a028302ed4184","hash":"23e2fd07d78ce027f15dfd4f67b022303f1e8194"}
,"/Users/luciano/Projetos/react-starter/src/utils/apiError.js": {"path":"/Users/luciano/Projetos/react-starter/src/utils/apiError.js","statementMap":{"0":{"start":{"line":3,"column":4},"end":{"line":3,"column":21}},"1":{"start":{"line":5,"column":4},"end":{"line":5,"column":25}},"2":{"start":{"line":6,"column":4},"end":{"line":6,"column":27}}},"fnMap":{"0":{"name":"(anonymous_0)","decl":{"start":{"line":2,"column":2},"end":{"line":2,"column":3}},"loc":{"start":{"line":2,"column":41},"end":{"line":7,"column":3}},"line":2}},"branchMap":{"0":{"loc":{"start":{"line":2,"column":14},"end":{"line":2,"column":28}},"type":"default-arg","locations":[{"start":{"line":2,"column":23},"end":{"line":2,"column":28}}],"line":2}},"s":{"0":3,"1":3,"2":3},"f":{"0":3},"b":{"0":[1]},"_coverageSchema":"43e27e138ebf9cfc5966b082cf9a028302ed4184","hash":"de2266a985b88a61ff58115288c85560b66c9844"}
,"/Users/luciano/Projetos/react-starter/src/utils/request.js": {"path":"/Users/luciano/Projetos/react-starter/src/utils/request.js","statementMap":{"0":{"start":{"line":4,"column":27},"end":{"line":4,"column":38}},"1":{"start":{"line":6,"column":19},"end":{"line":8,"column":1}},"2":{"start":{"line":7,"column":2},"end":{"line":7,"column":35}},"3":{"start":{"line":10,"column":20},"end":{"line":16,"column":1}},"4":{"start":{"line":11,"column":2},"end":{"line":13,"column":3}},"5":{"start":{"line":12,"column":4},"end":{"line":12,"column":20}},"6":{"start":{"line":15,"column":2},"end":{"line":15,"column":73}},"7":{"start":{"line":15,"column":38},"end":{"line":15,"column":71}},"8":{"start":{"line":18,"column":16},"end":{"line":34,"column":1}},"9":{"start":{"line":19,"column":17},"end":{"line":28,"column":3}},"10":{"start":{"line":30,"column":19},"end":{"line":30,"column":38}},"11":{"start":{"line":32,"column":26},"end":{"line":32,"column":53}},"12":{"start":{"line":33,"column":2},"end":{"line":33,"column":25}}},"fnMap":{"0":{"name":"(anonymous_0)","decl":{"start":{"line":6,"column":19},"end":{"line":6,"column":20}},"loc":{"start":{"line":6,"column":37},"end":{"line":8,"column":1}},"line":6},"1":{"name":"(anonymous_1)","decl":{"start":{"line":10,"column":20},"end":{"line":10,"column":21}},"loc":{"start":{"line":10,"column":34},"end":{"line":16,"column":1}},"line":10},"2":{"name":"(anonymous_2)","decl":{"start":{"line":15,"column":30},"end":{"line":15,"column":31}},"loc":{"start":{"line":15,"column":38},"end":{"line":15,"column":71}},"line":15},"3":{"name":"(anonymous_3)","decl":{"start":{"line":18,"column":16},"end":{"line":18,"column":17}},"loc":{"start":{"line":18,"column":49},"end":{"line":34,"column":1}},"line":18}},"branchMap":{"0":{"loc":{"start":{"line":11,"column":2},"end":{"line":13,"column":3}},"type":"if","locations":[{"start":{"line":11,"column":2},"end":{"line":13,"column":3}},{"start":{"line":11,"column":2},"end":{"line":13,"column":3}}],"line":11},"1":{"loc":{"start":{"line":11,"column":6},"end":{"line":11,"column":53}},"type":"binary-expr","locations":[{"start":{"line":11,"column":6},"end":{"line":11,"column":28}},{"start":{"line":11,"column":32},"end":{"line":11,"column":53}}],"line":11}},"s":{"0":4,"1":4,"2":1,"3":4,"4":2,"5":1,"6":1,"7":1,"8":4,"9":2,"10":2,"11":2,"12":1},"f":{"0":1,"1":2,"2":1,"3":2},"b":{"0":[1,1],"1":[2,2]},"_coverageSchema":"43e27e138ebf9cfc5966b082cf9a028302ed4184","hash":"4278638238e4e681d1448b3df26d2e752c63ed61"}
}
