TN:
SF:/Users/luciano/Projetos/react-starter/src/components/Common/Wrapper/index.jsx
FN:10,(anonymous_0)
FNF:1
FNH:1
FNDA:1,(anonymous_0)
DA:10,1
LF:1
LH:1
BRF:0
BRH:0
end_of_record
TN:
SF:/Users/luciano/Projetos/react-starter/src/containers/PokemonsList/index.jsx
FN:9,(anonymous_0)
FN:14,(anonymous_1)
FN:19,(anonymous_2)
FN:29,(anonymous_3)
FN:33,(anonymous_4)
FN:34,(anonymous_5)
FNF:6
FNH:2
FNDA:0,(anonymous_0)
FNDA:0,(anonymous_1)
FNDA:0,(anonymous_2)
FNDA:1,(anonymous_3)
FNDA:1,(anonymous_4)
FNDA:0,(anonymous_5)
DA:10,0
DA:11,0
DA:15,0
DA:17,0
DA:20,0
DA:29,1
DA:33,1
DA:34,0
LF:8
LH:2
BRF:0
BRH:0
end_of_record
TN:
SF:/Users/luciano/Projetos/react-starter/src/pages/Home/index.jsx
FN:5,(anonymous_0)
FNF:1
FNH:0
FNDA:0,(anonymous_0)
DA:5,0
LF:1
LH:0
BRF:0
BRH:0
end_of_record
TN:
SF:/Users/luciano/Projetos/react-starter/src/pages/NotFound/index.jsx
FN:3,(anonymous_0)
FNF:1
FNH:1
FNDA:1,(anonymous_0)
DA:3,1
LF:1
LH:1
BRF:0
BRH:0
end_of_record
TN:
SF:/Users/luciano/Projetos/react-starter/src/pages/PokemonDetails/index.jsx
FN:12,(anonymous_0)
FN:17,(anonymous_1)
FN:25,(anonymous_2)
FN:30,(anonymous_3)
FN:44,(anonymous_4)
FN:69,(anonymous_5)
FN:74,(anonymous_6)
FN:75,(anonymous_7)
FN:76,(anonymous_8)
FNF:9
FNH:0
FNDA:0,(anonymous_0)
FNDA:0,(anonymous_1)
FNDA:0,(anonymous_2)
FNDA:0,(anonymous_3)
FNDA:0,(anonymous_4)
FNDA:0,(anonymous_5)
FNDA:0,(anonymous_6)
FNDA:0,(anonymous_7)
FNDA:0,(anonymous_8)
DA:13,0
DA:14,0
DA:18,0
DA:20,0
DA:21,0
DA:26,0
DA:27,0
DA:31,0
DA:33,0
DA:34,0
DA:37,0
DA:45,0
DA:60,0
DA:69,0
DA:74,0
DA:75,0
DA:76,0
LF:17
LH:0
BRDA:20,0,0,0
BRDA:20,0,1,0
BRDA:33,1,0,0
BRDA:33,1,1,0
BRDA:39,2,0,0
BRDA:39,2,1,0
BRDA:43,3,0,0
BRDA:43,3,1,0
BRF:8
BRH:0
end_of_record
TN:
SF:/Users/luciano/Projetos/react-starter/src/redux-flow/ducks/pokemonDetails.js
FN:16,(anonymous_0)
FN:30,reducer
FN:65,load
FN:72,loadSuccess
FN:76,loadError
FN:80,clear
FN:90,(anonymous_6)
FNF:7
FNH:7
FNDA:1,(anonymous_0)
FNDA:7,reducer
FNDA:2,load
FNDA:2,loadSuccess
FNDA:3,loadError
FNDA:2,clear
FNDA:1,(anonymous_6)
DA:7,1
DA:16,1
DA:24,1
DA:31,7
DA:33,1
DA:39,1
DA:46,2
DA:53,1
DA:59,2
DA:66,2
DA:73,2
DA:77,3
DA:81,2
DA:86,1
DA:91,1
DA:92,1
DA:94,1
DA:98,1
DA:100,1
DA:102,1
LF:20
LH:20
BRDA:30,0,0,1
BRDA:31,1,0,1
BRDA:31,1,1,1
BRDA:31,1,2,2
BRDA:31,1,3,1
BRDA:31,1,4,2
BRF:6
BRH:6
end_of_record
TN:
SF:/Users/luciano/Projetos/react-starter/src/redux-flow/ducks/pokemons.js
FN:15,(anonymous_0)
FN:28,reducer
FN:40,(anonymous_2)
FN:57,load
FN:63,loadSuccess
FN:67,loadError
FN:77,(anonymous_6)
FNF:7
FNH:7
FNDA:2,(anonymous_0)
FNDA:7,reducer
FNDA:2,(anonymous_2)
FNDA:2,load
FNDA:3,loadSuccess
FNDA:3,loadError
FNDA:1,(anonymous_6)
DA:7,2
DA:15,2
DA:22,2
DA:29,7
DA:31,1
DA:37,2
DA:40,2
DA:44,2
DA:51,2
DA:58,2
DA:64,3
DA:68,3
DA:73,2
DA:78,1
DA:79,1
DA:81,1
DA:85,1
DA:87,1
DA:89,1
LF:19
LH:19
BRDA:28,0,0,1
BRDA:29,1,0,1
BRDA:29,1,1,2
BRDA:29,1,2,2
BRDA:29,1,3,2
BRF:5
BRH:5
end_of_record
TN:
SF:/Users/luciano/Projetos/react-starter/src/utils/apiError.js
FN:2,(anonymous_0)
FNF:1
FNH:1
FNDA:3,(anonymous_0)
DA:3,3
DA:5,3
DA:6,3
LF:3
LH:3
BRDA:2,0,0,1
BRF:1
BRH:1
end_of_record
TN:
SF:/Users/luciano/Projetos/react-starter/src/utils/request.js
FN:6,(anonymous_0)
FN:10,(anonymous_1)
FN:15,(anonymous_2)
FN:18,(anonymous_3)
FNF:4
FNH:4
FNDA:1,(anonymous_0)
FNDA:2,(anonymous_1)
FNDA:1,(anonymous_2)
FNDA:2,(anonymous_3)
DA:4,4
DA:6,4
DA:7,1
DA:10,4
DA:11,2
DA:12,1
DA:15,1
DA:18,4
DA:19,2
DA:30,2
DA:32,2
DA:33,1
LF:12
LH:12
BRDA:11,0,0,1
BRDA:11,0,1,1
BRDA:11,1,0,2
BRDA:11,1,1,2
BRF:4
BRH:4
end_of_record
